2021-07-12 03:55:59,657 INFO paramiko.transport Connected (version 2.0, client Cisco-1.25)
2021-07-12 03:57:42,865 INFO paramiko.transport Connected (version 2.0, client Cisco-1.25)
2021-07-12 03:57:43,553 INFO paramiko.transport Authentication (password) successful!
2021-07-12 03:59:15,620 INFO paramiko.transport Connected (version 2.0, client Cisco-1.25)
2021-07-12 03:59:16,301 INFO paramiko.transport Authentication (password) successful!
2021-07-12 04:01:45,891 INFO paramiko.transport Connected (version 2.0, client Cisco-1.25)
2021-07-12 04:01:46,573 INFO paramiko.transport Authentication (password) successful!
2021-07-12 04:01:46,818 INFO paramiko.transport Connected (version 2.0, client Cisco-1.25)
2021-07-12 04:01:47,499 INFO paramiko.transport Authentication (password) successful!
2021-07-12 04:01:48,055 INFO paramiko.transport Connected (version 2.0, client OpenSSH_6.6.1)
2021-07-12 04:01:48,511 INFO paramiko.transport Authentication (keyboard-interactive) successful!
2021-07-12 04:01:50,318 INFO paramiko.transport Connected (version 2.0, client OpenSSH_6.6.1)
2021-07-12 04:01:50,912 INFO paramiko.transport Authentication (keyboard-interactive) successful!
2021-07-12 04:01:52,776 INFO paramiko.transport Connected (version 2.0, client OpenSSH_6.6.1)
2021-07-12 04:01:53,340 INFO paramiko.transport Authentication (keyboard-interactive) successful!
2021-07-12 04:01:55,094 INFO paramiko.transport Connected (version 2.0, client OpenSSH_6.6.1)
2021-07-12 04:01:55,635 INFO paramiko.transport Authentication (keyboard-interactive) successful!
2021-07-12 04:01:57,415 INFO paramiko.transport Connected (version 2.0, client OpenSSH_7.3)
2021-07-12 04:01:57,774 INFO paramiko.transport Authentication (password) successful!
2021-07-12 04:02:01,228 INFO paramiko.transport Connected (version 2.0, client OpenSSH_7.3)
2021-07-12 04:02:01,593 INFO paramiko.transport Authentication (password) successful!
2021-07-12 04:02:05,405 INFO paramiko.transport Connected (version 2.0, client OpenSSH_7.5)
2021-07-12 04:02:05,688 INFO paramiko.transport Auth banner: b'User Access Verification\n'
2021-07-12 04:02:05,689 INFO paramiko.transport Authentication (password) successful!
2021-07-12 04:02:10,999 INFO paramiko.transport Connected (version 2.0, client OpenSSH_7.5)
2021-07-12 04:02:11,333 INFO paramiko.transport Auth banner: b'User Access Verification\n'
2021-07-12 04:02:11,333 INFO paramiko.transport Authentication (password) successful!
2021-07-12 08:06:42,011 INFO paramiko.transport Connected (version 2.0, client Cisco-1.25)
2021-07-12 08:06:42,014 INFO paramiko.transport Connected (version 2.0, client Cisco-1.25)
2021-07-12 08:06:42,123 INFO paramiko.transport Connected (version 2.0, client OpenSSH_7.3)
2021-07-12 08:06:42,123 INFO paramiko.transport Connected (version 2.0, client OpenSSH_7.3)
2021-07-12 08:06:42,280 INFO paramiko.transport Connected (version 2.0, client OpenSSH_7.5)
2021-07-12 08:06:42,290 INFO paramiko.transport Connected (version 2.0, client OpenSSH_6.6.1)
2021-07-12 08:06:42,315 INFO paramiko.transport Connected (version 2.0, client OpenSSH_6.6.1)
2021-07-12 08:06:42,332 INFO paramiko.transport Connected (version 2.0, client OpenSSH_6.6.1)
2021-07-12 08:06:42,339 INFO paramiko.transport Connected (version 2.0, client OpenSSH_6.6.1)
2021-07-12 08:06:42,378 INFO paramiko.transport Connected (version 2.0, client OpenSSH_7.5)
2021-07-12 08:06:42,518 INFO paramiko.transport Authentication (password) successful!
2021-07-12 08:06:42,518 INFO paramiko.transport Authentication (password) successful!
2021-07-12 08:06:42,548 INFO paramiko.transport Auth banner: b'User Access Verification\n'
2021-07-12 08:06:42,548 INFO paramiko.transport Authentication (password) successful!
2021-07-12 08:06:42,662 INFO paramiko.transport Auth banner: b'User Access Verification\n'
2021-07-12 08:06:42,663 INFO paramiko.transport Authentication (password) successful!
2021-07-12 08:06:42,751 INFO paramiko.transport Authentication (password) successful!
2021-07-12 08:06:42,756 INFO paramiko.transport Authentication (password) successful!
2021-07-12 08:06:42,921 INFO paramiko.transport Authentication (keyboard-interactive) successful!
2021-07-12 08:06:43,006 INFO paramiko.transport Authentication (keyboard-interactive) successful!
2021-07-12 08:06:43,033 INFO paramiko.transport Authentication (keyboard-interactive) successful!
2021-07-12 08:06:43,115 INFO paramiko.transport Authentication (keyboard-interactive) successful!
2021-07-12 08:07:30,260 INFO paramiko.transport Connected (version 2.0, client Cisco-1.25)
2021-07-12 08:07:30,261 INFO paramiko.transport Connected (version 2.0, client Cisco-1.25)
2021-07-12 08:07:30,379 INFO paramiko.transport Connected (version 2.0, client OpenSSH_7.3)
2021-07-12 08:07:30,380 INFO paramiko.transport Connected (version 2.0, client OpenSSH_7.3)
2021-07-12 08:07:30,557 INFO paramiko.transport Connected (version 2.0, client OpenSSH_6.6.1)
2021-07-12 08:07:30,575 INFO paramiko.transport Connected (version 2.0, client OpenSSH_6.6.1)
2021-07-12 08:07:30,577 INFO paramiko.transport Connected (version 2.0, client OpenSSH_6.6.1)
2021-07-12 08:07:30,584 INFO paramiko.transport Connected (version 2.0, client OpenSSH_7.5)
2021-07-12 08:07:30,608 INFO paramiko.transport Connected (version 2.0, client OpenSSH_6.6.1)
2021-07-12 08:07:30,676 INFO paramiko.transport Connected (version 2.0, client OpenSSH_7.5)
2021-07-12 08:07:30,803 INFO paramiko.transport Authentication (password) successful!
2021-07-12 08:07:30,865 INFO paramiko.transport Auth banner: b'User Access Verification\n'
2021-07-12 08:07:30,865 INFO paramiko.transport Authentication (password) successful!
2021-07-12 08:07:30,977 INFO paramiko.transport Auth banner: b'User Access Verification\n'
2021-07-12 08:07:30,978 INFO paramiko.transport Authentication (password) successful!
2021-07-12 08:07:30,998 INFO paramiko.transport Authentication (password) successful!
2021-07-12 08:07:30,999 INFO paramiko.transport Authentication (password) successful!
2021-07-12 08:07:31,179 INFO paramiko.transport Authentication (keyboard-interactive) successful!
2021-07-12 08:07:31,199 INFO paramiko.transport Authentication (keyboard-interactive) successful!
2021-07-12 08:07:31,235 INFO paramiko.transport Authentication (password) successful!
2021-07-12 08:07:31,290 INFO paramiko.transport Authentication (keyboard-interactive) successful!
2021-07-12 08:07:31,325 INFO paramiko.transport Authentication (keyboard-interactive) successful!
2021-07-12 08:08:15,632 INFO paramiko.transport Connected (version 2.0, client Cisco-1.25)
2021-07-12 08:08:15,632 INFO paramiko.transport Connected (version 2.0, client Cisco-1.25)
2021-07-12 08:08:15,739 INFO paramiko.transport Connected (version 2.0, client OpenSSH_7.3)
2021-07-12 08:08:15,745 INFO paramiko.transport Connected (version 2.0, client OpenSSH_7.3)
2021-07-12 08:08:15,951 INFO paramiko.transport Connected (version 2.0, client OpenSSH_7.5)
2021-07-12 08:08:15,954 INFO paramiko.transport Connected (version 2.0, client OpenSSH_6.6.1)
2021-07-12 08:08:15,956 INFO paramiko.transport Connected (version 2.0, client OpenSSH_6.6.1)
2021-07-12 08:08:15,970 INFO paramiko.transport Connected (version 2.0, client OpenSSH_6.6.1)
2021-07-12 08:08:15,975 INFO paramiko.transport Connected (version 2.0, client OpenSSH_6.6.1)
2021-07-12 08:08:16,083 INFO paramiko.transport Connected (version 2.0, client OpenSSH_7.5)
2021-07-12 08:08:16,087 INFO paramiko.transport Authentication (password) successful!
2021-07-12 08:08:16,148 INFO paramiko.transport Authentication (password) successful!
2021-07-12 08:08:16,230 INFO paramiko.transport Auth banner: b'User Access Verification\n'
2021-07-12 08:08:16,230 INFO paramiko.transport Authentication (password) successful!
2021-07-12 08:08:16,341 INFO paramiko.transport Auth banner: b'User Access Verification\n'
2021-07-12 08:08:16,341 INFO paramiko.transport Authentication (password) successful!
2021-07-12 08:08:16,370 INFO paramiko.transport Authentication (password) successful!
2021-07-12 08:08:16,371 INFO paramiko.transport Authentication (password) successful!
2021-07-12 08:08:16,519 INFO paramiko.transport Authentication (keyboard-interactive) successful!
2021-07-12 08:08:16,626 INFO paramiko.transport Authentication (keyboard-interactive) successful!
2021-07-12 08:08:16,706 INFO paramiko.transport Authentication (keyboard-interactive) successful!
2021-07-12 08:08:16,780 INFO paramiko.transport Authentication (keyboard-interactive) successful!
2021-07-12 08:16:05,387 INFO paramiko.transport Connected (version 2.0, client Cisco-1.25)
2021-07-12 08:16:05,402 INFO paramiko.transport Connected (version 2.0, client Cisco-1.25)
2021-07-12 08:16:05,499 INFO paramiko.transport Connected (version 2.0, client OpenSSH_7.3)
2021-07-12 08:16:05,516 INFO paramiko.transport Connected (version 2.0, client OpenSSH_7.3)
2021-07-12 08:16:05,690 INFO paramiko.transport Connected (version 2.0, client OpenSSH_7.5)
2021-07-12 08:16:05,716 INFO paramiko.transport Connected (version 2.0, client OpenSSH_6.6.1)
2021-07-12 08:16:05,718 INFO paramiko.transport Connected (version 2.0, client OpenSSH_6.6.1)
2021-07-12 08:16:05,732 INFO paramiko.transport Connected (version 2.0, client OpenSSH_6.6.1)
2021-07-12 08:16:05,734 INFO paramiko.transport Connected (version 2.0, client OpenSSH_6.6.1)
2021-07-12 08:16:05,740 INFO paramiko.transport Connected (version 2.0, client OpenSSH_7.5)
2021-07-12 08:16:05,857 INFO paramiko.transport Authentication (password) successful!
2021-07-12 08:16:05,895 INFO paramiko.transport Authentication (password) successful!
2021-07-12 08:16:05,979 INFO paramiko.transport Auth banner: b'User Access Verification\n'
2021-07-12 08:16:05,980 INFO paramiko.transport Authentication (password) successful!
2021-07-12 08:16:06,025 INFO paramiko.transport Auth banner: b'User Access Verification\n'
2021-07-12 08:16:06,025 INFO paramiko.transport Authentication (password) successful!
2021-07-12 08:16:06,124 INFO paramiko.transport Authentication (password) successful!
2021-07-12 08:16:06,134 INFO paramiko.transport Authentication (password) successful!
2021-07-12 08:16:06,316 INFO paramiko.transport Authentication (keyboard-interactive) successful!
2021-07-12 08:16:06,395 INFO paramiko.transport Authentication (keyboard-interactive) successful!
2021-07-12 08:16:06,462 INFO paramiko.transport Authentication (keyboard-interactive) successful!
2021-07-12 08:16:06,464 INFO paramiko.transport Authentication (keyboard-interactive) successful!
2021-07-14 05:34:34,292 INFO paramiko.transport Connected (version 2.0, client Cisco-1.25)
2021-07-14 05:34:34,299 INFO paramiko.transport Connected (version 2.0, client Cisco-1.25)
2021-07-14 05:34:34,402 INFO paramiko.transport Connected (version 2.0, client OpenSSH_7.3)
2021-07-14 05:34:34,423 INFO paramiko.transport Connected (version 2.0, client OpenSSH_7.3)
2021-07-14 05:34:34,647 INFO paramiko.transport Connected (version 2.0, client OpenSSH_7.5)
2021-07-14 05:34:34,691 INFO paramiko.transport Connected (version 2.0, client OpenSSH_7.5)
2021-07-14 05:34:34,769 INFO paramiko.transport Authentication (password) successful!
2021-07-14 05:34:34,815 INFO paramiko.transport Authentication (password) successful!
2021-07-14 05:34:34,830 INFO paramiko.transport Authentication (password) successful!
2021-07-14 05:34:34,958 INFO paramiko.transport Auth banner: b'User Access Verification\n'
2021-07-14 05:34:34,958 INFO paramiko.transport Authentication (password) successful!
2021-07-14 05:34:34,976 INFO paramiko.transport Authentication (password) successful!
2021-07-14 05:34:35,004 INFO paramiko.transport Auth banner: b'User Access Verification\n'
2021-07-14 05:34:35,004 INFO paramiko.transport Authentication (password) successful!
2021-07-14 05:37:34,415 INFO paramiko.transport Connected (version 2.0, client Cisco-1.25)
2021-07-14 05:37:34,415 INFO paramiko.transport Connected (version 2.0, client Cisco-1.25)
2021-07-14 05:37:34,527 INFO paramiko.transport Connected (version 2.0, client OpenSSH_7.3)
2021-07-14 05:37:34,558 INFO paramiko.transport Connected (version 2.0, client OpenSSH_7.3)
2021-07-14 05:37:34,716 INFO paramiko.transport Connected (version 2.0, client OpenSSH_7.5)
2021-07-14 05:37:34,865 INFO paramiko.transport Connected (version 2.0, client OpenSSH_7.5)
2021-07-14 05:37:34,927 INFO paramiko.transport Authentication (password) successful!
2021-07-14 05:37:34,993 INFO paramiko.transport Authentication (password) successful!
2021-07-14 05:37:35,027 INFO paramiko.transport Auth banner: b'User Access Verification\n'
2021-07-14 05:37:35,027 INFO paramiko.transport Authentication (password) successful!
2021-07-14 05:37:35,149 INFO paramiko.transport Authentication (password) successful!
2021-07-14 05:37:35,154 INFO paramiko.transport Authentication (password) successful!
2021-07-14 05:37:35,161 INFO paramiko.transport Auth banner: b'User Access Verification\n'
2021-07-14 05:37:35,162 INFO paramiko.transport Authentication (password) successful!
2021-07-14 05:38:38,080 INFO paramiko.transport Connected (version 2.0, client Cisco-1.25)
2021-07-14 05:38:38,080 INFO paramiko.transport Connected (version 2.0, client Cisco-1.25)
2021-07-14 05:38:38,191 INFO paramiko.transport Connected (version 2.0, client OpenSSH_7.3)
2021-07-14 05:38:38,208 INFO paramiko.transport Connected (version 2.0, client OpenSSH_7.3)
2021-07-14 05:38:38,419 INFO paramiko.transport Connected (version 2.0, client OpenSSH_7.5)
2021-07-14 05:38:38,477 INFO paramiko.transport Connected (version 2.0, client OpenSSH_7.5)
2021-07-14 05:38:38,569 INFO paramiko.transport Authentication (password) successful!
2021-07-14 05:38:38,588 INFO paramiko.transport Authentication (password) successful!
2021-07-14 05:38:38,634 INFO paramiko.transport Authentication (password) successful!
2021-07-14 05:38:38,689 INFO paramiko.transport Auth banner: b'User Access Verification\n'
2021-07-14 05:38:38,690 INFO paramiko.transport Authentication (password) successful!
2021-07-14 05:38:38,763 INFO paramiko.transport Authentication (password) successful!
2021-07-14 05:38:38,788 INFO paramiko.transport Auth banner: b'User Access Verification\n'
2021-07-14 05:38:38,788 INFO paramiko.transport Authentication (password) successful!
2021-07-14 05:41:14,156 INFO paramiko.transport Connected (version 2.0, client Cisco-1.25)
2021-07-14 05:41:14,159 INFO paramiko.transport Connected (version 2.0, client Cisco-1.25)
2021-07-14 05:41:14,268 INFO paramiko.transport Connected (version 2.0, client OpenSSH_7.3)
2021-07-14 05:41:14,309 INFO paramiko.transport Connected (version 2.0, client OpenSSH_7.3)
2021-07-14 05:41:14,554 INFO paramiko.transport Connected (version 2.0, client OpenSSH_7.5)
2021-07-14 05:41:14,625 INFO paramiko.transport Connected (version 2.0, client OpenSSH_7.5)
2021-07-14 05:41:14,647 INFO paramiko.transport Authentication (password) successful!
2021-07-14 05:41:14,678 INFO paramiko.transport Authentication (password) successful!
2021-07-14 05:41:14,776 INFO paramiko.transport Authentication (password) successful!
2021-07-14 05:41:14,837 INFO paramiko.transport Authentication (password) successful!
2021-07-14 05:41:14,870 INFO paramiko.transport Auth banner: b'User Access Verification\n'
2021-07-14 05:41:14,870 INFO paramiko.transport Authentication (password) successful!
2021-07-14 05:41:14,954 INFO paramiko.transport Auth banner: b'User Access Verification\n'
2021-07-14 05:41:14,954 INFO paramiko.transport Authentication (password) successful!
2021-07-14 05:43:58,012 INFO paramiko.transport Connected (version 2.0, client Cisco-1.25)
2021-07-14 05:43:58,012 INFO paramiko.transport Connected (version 2.0, client Cisco-1.25)
2021-07-14 05:43:58,128 INFO paramiko.transport Connected (version 2.0, client OpenSSH_7.3)
2021-07-14 05:43:58,155 INFO paramiko.transport Connected (version 2.0, client OpenSSH_7.3)
2021-07-14 05:43:58,353 INFO paramiko.transport Connected (version 2.0, client OpenSSH_7.5)
2021-07-14 05:43:58,468 INFO paramiko.transport Connected (version 2.0, client OpenSSH_7.5)
2021-07-14 05:43:58,546 INFO paramiko.transport Authentication (password) successful!
2021-07-14 05:43:58,590 INFO paramiko.transport Authentication (password) successful!
2021-07-14 05:43:58,661 INFO paramiko.transport Auth banner: b'User Access Verification\n'
2021-07-14 05:43:58,661 INFO paramiko.transport Authentication (password) successful!
2021-07-14 05:43:58,731 INFO paramiko.transport Auth banner: b'User Access Verification\n'
2021-07-14 05:43:58,731 INFO paramiko.transport Authentication (password) successful!
2021-07-14 05:43:58,749 INFO paramiko.transport Authentication (password) successful!
2021-07-14 05:43:58,753 INFO paramiko.transport Authentication (password) successful!
2021-07-14 05:44:42,581 INFO paramiko.transport Connected (version 2.0, client Cisco-1.25)
2021-07-14 05:44:42,582 INFO paramiko.transport Connected (version 2.0, client Cisco-1.25)
2021-07-14 05:44:42,719 INFO paramiko.transport Connected (version 2.0, client OpenSSH_7.3)
2021-07-14 05:44:42,749 INFO paramiko.transport Connected (version 2.0, client OpenSSH_7.3)
2021-07-14 05:44:42,893 INFO paramiko.transport Connected (version 2.0, client OpenSSH_7.5)
2021-07-14 05:44:42,906 INFO paramiko.transport Connected (version 2.0, client OpenSSH_7.5)
2021-07-14 05:44:43,122 INFO paramiko.transport Authentication (password) successful!
2021-07-14 05:44:43,210 INFO paramiko.transport Auth banner: b'User Access Verification\n'
2021-07-14 05:44:43,211 INFO paramiko.transport Authentication (password) successful!
2021-07-14 05:44:43,244 INFO paramiko.transport Authentication (password) successful!
2021-07-14 05:44:43,259 INFO paramiko.transport Auth banner: b'User Access Verification\n'
2021-07-14 05:44:43,260 INFO paramiko.transport Authentication (password) successful!
2021-07-14 05:44:43,320 INFO paramiko.transport Authentication (password) successful!
2021-07-14 05:44:43,320 INFO paramiko.transport Authentication (password) successful!
2021-07-14 05:45:42,470 INFO paramiko.transport Connected (version 2.0, client Cisco-1.25)
2021-07-14 05:45:42,470 INFO paramiko.transport Connected (version 2.0, client Cisco-1.25)
2021-07-14 05:45:42,583 INFO paramiko.transport Connected (version 2.0, client OpenSSH_7.3)
2021-07-14 05:45:42,600 INFO paramiko.transport Connected (version 2.0, client OpenSSH_7.3)
2021-07-14 05:45:42,735 INFO paramiko.transport Connected (version 2.0, client OpenSSH_7.5)
2021-07-14 05:45:42,989 INFO paramiko.transport Auth banner: b'User Access Verification\n'
2021-07-14 05:45:42,989 INFO paramiko.transport Authentication (password) successful!
2021-07-14 05:45:43,009 INFO paramiko.transport Authentication (password) successful!
2021-07-14 05:45:43,058 INFO paramiko.transport Connected (version 2.0, client OpenSSH_7.5)
2021-07-14 05:45:43,118 INFO paramiko.transport Authentication (password) successful!
2021-07-14 05:45:43,201 INFO paramiko.transport Authentication (password) successful!
2021-07-14 05:45:43,208 INFO paramiko.transport Authentication (password) successful!
2021-07-14 05:45:43,388 INFO paramiko.transport Auth banner: b'User Access Verification\n'
2021-07-14 05:45:43,388 INFO paramiko.transport Authentication (password) successful!
2021-07-14 05:46:26,445 INFO paramiko.transport Connected (version 2.0, client Cisco-1.25)
2021-07-14 05:46:26,452 INFO paramiko.transport Connected (version 2.0, client Cisco-1.25)
2021-07-14 05:46:26,561 INFO paramiko.transport Connected (version 2.0, client OpenSSH_7.3)
2021-07-14 05:46:26,580 INFO paramiko.transport Connected (version 2.0, client OpenSSH_7.3)
2021-07-14 05:46:26,760 INFO paramiko.transport Connected (version 2.0, client OpenSSH_7.5)
2021-07-14 05:46:26,861 INFO paramiko.transport Connected (version 2.0, client OpenSSH_7.5)
2021-07-14 05:46:26,958 INFO paramiko.transport Authentication (password) successful!
2021-07-14 05:46:27,001 INFO paramiko.transport Auth banner: b'User Access Verification\n'
2021-07-14 05:46:27,002 INFO paramiko.transport Authentication (password) successful!
2021-07-14 05:46:27,022 INFO paramiko.transport Authentication (password) successful!
2021-07-14 05:46:27,186 INFO paramiko.transport Authentication (password) successful!
2021-07-14 05:46:27,189 INFO paramiko.transport Authentication (password) successful!
2021-07-14 05:46:27,198 INFO paramiko.transport Auth banner: b'User Access Verification\n'
2021-07-14 05:46:27,199 INFO paramiko.transport Authentication (password) successful!
2021-07-14 06:03:27,195 INFO paramiko.transport Connected (version 2.0, client Cisco-1.25)
2021-07-14 06:03:27,201 INFO paramiko.transport Connected (version 2.0, client Cisco-1.25)
2021-07-14 06:03:27,298 INFO paramiko.transport Connected (version 2.0, client OpenSSH_7.3)
2021-07-14 06:03:27,322 INFO paramiko.transport Connected (version 2.0, client OpenSSH_7.3)
2021-07-14 06:03:27,503 INFO paramiko.transport Connected (version 2.0, client OpenSSH_7.5)
2021-07-14 06:03:27,594 INFO paramiko.transport Connected (version 2.0, client OpenSSH_7.5)
2021-07-14 06:03:27,686 INFO paramiko.transport Authentication (password) successful!
2021-07-14 06:03:27,720 INFO paramiko.transport Authentication (password) successful!
2021-07-14 06:03:27,744 INFO paramiko.transport Authentication (password) successful!
2021-07-14 06:03:27,758 INFO paramiko.transport Auth banner: b'User Access Verification\n'
2021-07-14 06:03:27,758 INFO paramiko.transport Authentication (password) successful!
2021-07-14 06:03:27,879 INFO paramiko.transport Authentication (password) successful!
2021-07-14 06:03:27,937 INFO paramiko.transport Auth banner: b'User Access Verification\n'
2021-07-14 06:03:27,937 INFO paramiko.transport Authentication (password) successful!
2021-07-14 06:04:35,598 INFO paramiko.transport Connected (version 2.0, client Cisco-1.25)
2021-07-14 06:04:35,598 INFO paramiko.transport Connected (version 2.0, client Cisco-1.25)
2021-07-14 06:04:35,716 INFO paramiko.transport Connected (version 2.0, client OpenSSH_7.3)
2021-07-14 06:04:35,735 INFO paramiko.transport Connected (version 2.0, client OpenSSH_7.3)
2021-07-14 06:04:35,872 INFO paramiko.transport Connected (version 2.0, client OpenSSH_7.5)
2021-07-14 06:04:36,094 INFO paramiko.transport Connected (version 2.0, client OpenSSH_7.5)
2021-07-14 06:04:36,109 INFO paramiko.transport Authentication (password) successful!
2021-07-14 06:04:36,145 INFO paramiko.transport Auth banner: b'User Access Verification\n'
2021-07-14 06:04:36,145 INFO paramiko.transport Authentication (password) successful!
2021-07-14 06:04:36,179 INFO paramiko.transport Authentication (password) successful!
2021-07-14 06:04:36,334 INFO paramiko.transport Authentication (password) successful!
2021-07-14 06:04:36,334 INFO paramiko.transport Authentication (password) successful!
2021-07-14 06:04:36,427 INFO paramiko.transport Auth banner: b'User Access Verification\n'
2021-07-14 06:04:36,428 INFO paramiko.transport Authentication (password) successful!
2021-07-14 06:06:09,534 INFO paramiko.transport Connected (version 2.0, client Cisco-1.25)
2021-07-14 06:06:09,535 INFO paramiko.transport Connected (version 2.0, client Cisco-1.25)
2021-07-14 06:06:09,650 INFO paramiko.transport Connected (version 2.0, client OpenSSH_7.3)
2021-07-14 06:06:09,687 INFO paramiko.transport Connected (version 2.0, client OpenSSH_7.3)
2021-07-14 06:06:09,833 INFO paramiko.transport Connected (version 2.0, client OpenSSH_7.5)
2021-07-14 06:06:09,859 INFO paramiko.transport Connected (version 2.0, client OpenSSH_7.5)
2021-07-14 06:06:10,046 INFO paramiko.transport Authentication (password) successful!
2021-07-14 06:06:10,106 INFO paramiko.transport Authentication (password) successful!
2021-07-14 06:06:10,154 INFO paramiko.transport Auth banner: b'User Access Verification\n'
2021-07-14 06:06:10,155 INFO paramiko.transport Authentication (password) successful!
2021-07-14 06:06:10,160 INFO paramiko.transport Auth banner: b'User Access Verification\n'
2021-07-14 06:06:10,160 INFO paramiko.transport Authentication (password) successful!
2021-07-14 06:06:10,274 INFO paramiko.transport Authentication (password) successful!
2021-07-14 06:06:10,275 INFO paramiko.transport Authentication (password) successful!
2021-07-14 06:06:42,188 INFO paramiko.transport Connected (version 2.0, client Cisco-1.25)
2021-07-14 06:06:42,188 INFO paramiko.transport Connected (version 2.0, client Cisco-1.25)
2021-07-14 06:06:42,303 INFO paramiko.transport Connected (version 2.0, client OpenSSH_7.3)
2021-07-14 06:06:42,336 INFO paramiko.transport Connected (version 2.0, client OpenSSH_7.3)
2021-07-14 06:06:42,550 INFO paramiko.transport Connected (version 2.0, client OpenSSH_7.5)
2021-07-14 06:06:42,637 INFO paramiko.transport Connected (version 2.0, client OpenSSH_7.5)
2021-07-14 06:06:42,732 INFO paramiko.transport Authentication (password) successful!
2021-07-14 06:06:42,766 INFO paramiko.transport Authentication (password) successful!
2021-07-14 06:06:42,877 INFO paramiko.transport Auth banner: b'User Access Verification\n'
2021-07-14 06:06:42,877 INFO paramiko.transport Authentication (password) successful!
2021-07-14 06:06:42,923 INFO paramiko.transport Authentication (password) successful!
2021-07-14 06:06:42,923 INFO paramiko.transport Authentication (password) successful!
2021-07-14 06:06:42,948 INFO paramiko.transport Auth banner: b'User Access Verification\n'
2021-07-14 06:06:42,948 INFO paramiko.transport Authentication (password) successful!
2021-07-14 06:09:35,668 INFO paramiko.transport Connected (version 2.0, client Cisco-1.25)
2021-07-14 06:09:35,673 INFO paramiko.transport Connected (version 2.0, client Cisco-1.25)
2021-07-14 06:09:35,775 INFO paramiko.transport Connected (version 2.0, client OpenSSH_7.3)
2021-07-14 06:09:35,803 INFO paramiko.transport Connected (version 2.0, client OpenSSH_7.3)
2021-07-14 06:09:36,036 INFO paramiko.transport Connected (version 2.0, client OpenSSH_7.5)
2021-07-14 06:09:36,037 INFO paramiko.transport Connected (version 2.0, client OpenSSH_7.5)
2021-07-14 06:09:36,184 INFO paramiko.transport Authentication (password) successful!
2021-07-14 06:09:36,187 INFO paramiko.transport Authentication (password) successful!
2021-07-14 06:09:36,191 INFO paramiko.transport Authentication (password) successful!
2021-07-14 06:09:36,233 INFO paramiko.transport Authentication (password) successful!
2021-07-14 06:09:36,285 INFO paramiko.transport Auth banner: b'User Access Verification\n'
2021-07-14 06:09:36,285 INFO paramiko.transport Authentication (password) successful!
2021-07-14 06:09:36,387 INFO paramiko.transport Auth banner: b'User Access Verification\n'
2021-07-14 06:09:36,387 INFO paramiko.transport Authentication (password) successful!
2021-07-14 06:11:19,315 INFO paramiko.transport Connected (version 2.0, client Cisco-1.25)
2021-07-14 06:11:19,315 INFO paramiko.transport Connected (version 2.0, client Cisco-1.25)
2021-07-14 06:11:19,427 INFO paramiko.transport Connected (version 2.0, client OpenSSH_7.3)
2021-07-14 06:11:19,454 INFO paramiko.transport Connected (version 2.0, client OpenSSH_7.3)
2021-07-14 06:11:19,688 INFO paramiko.transport Connected (version 2.0, client OpenSSH_7.5)
2021-07-14 06:11:19,765 INFO paramiko.transport Connected (version 2.0, client OpenSSH_7.5)
2021-07-14 06:11:19,851 INFO paramiko.transport Authentication (password) successful!
2021-07-14 06:11:19,882 INFO paramiko.transport Authentication (password) successful!
2021-07-14 06:11:19,992 INFO paramiko.transport Auth banner: b'User Access Verification\n'
2021-07-14 06:11:19,992 INFO paramiko.transport Authentication (password) successful!
2021-07-14 06:11:20,048 INFO paramiko.transport Authentication (password) successful!
2021-07-14 06:11:20,051 INFO paramiko.transport Authentication (password) successful!
2021-07-14 06:11:20,089 INFO paramiko.transport Auth banner: b'User Access Verification\n'
2021-07-14 06:11:20,090 INFO paramiko.transport Authentication (password) successful!
2021-07-14 06:12:09,903 INFO paramiko.transport Connected (version 2.0, client Cisco-1.25)
2021-07-14 06:12:09,904 INFO paramiko.transport Connected (version 2.0, client Cisco-1.25)
2021-07-14 06:12:10,013 INFO paramiko.transport Connected (version 2.0, client OpenSSH_7.3)
2021-07-14 06:12:10,040 INFO paramiko.transport Connected (version 2.0, client OpenSSH_7.3)
2021-07-14 06:12:10,181 INFO paramiko.transport Connected (version 2.0, client OpenSSH_7.5)
2021-07-14 06:12:10,223 INFO paramiko.transport Connected (version 2.0, client OpenSSH_7.5)
2021-07-14 06:12:10,422 INFO paramiko.transport Auth banner: b'User Access Verification\n'
2021-07-14 06:12:10,422 INFO paramiko.transport Authentication (password) successful!
2021-07-14 06:12:10,447 INFO paramiko.transport Authentication (password) successful!
2021-07-14 06:12:10,485 INFO paramiko.transport Authentication (password) successful!
2021-07-14 06:12:10,602 INFO paramiko.transport Auth banner: b'User Access Verification\n'
2021-07-14 06:12:10,602 INFO paramiko.transport Authentication (password) successful!
2021-07-14 06:12:10,639 INFO paramiko.transport Authentication (password) successful!
2021-07-14 06:12:10,640 INFO paramiko.transport Authentication (password) successful!
2021-07-14 06:12:20,981 INFO paramiko.transport Connected (version 2.0, client Cisco-1.25)
2021-07-14 06:12:20,981 INFO paramiko.transport Connected (version 2.0, client Cisco-1.25)
2021-07-14 06:12:21,096 INFO paramiko.transport Connected (version 2.0, client OpenSSH_7.3)
2021-07-14 06:12:21,144 INFO paramiko.transport Connected (version 2.0, client OpenSSH_7.3)
2021-07-14 06:12:21,306 INFO paramiko.transport Connected (version 2.0, client OpenSSH_7.5)
2021-07-14 06:12:21,432 INFO paramiko.transport Connected (version 2.0, client OpenSSH_7.5)
2021-07-14 06:12:21,523 INFO paramiko.transport Authentication (password) successful!
2021-07-14 06:12:21,572 INFO paramiko.transport Authentication (password) successful!
2021-07-14 06:12:21,601 INFO paramiko.transport Auth banner: b'User Access Verification\n'
2021-07-14 06:12:21,601 INFO paramiko.transport Authentication (password) successful!
2021-07-14 06:12:21,713 INFO paramiko.transport Authentication (password) successful!
2021-07-14 06:12:21,717 INFO paramiko.transport Authentication (password) successful!
2021-07-14 06:12:21,729 INFO paramiko.transport Auth banner: b'User Access Verification\n'
2021-07-14 06:12:21,729 INFO paramiko.transport Authentication (password) successful!
2021-07-14 06:12:54,483 INFO paramiko.transport Connected (version 2.0, client Cisco-1.25)
2021-07-14 06:12:54,483 INFO paramiko.transport Connected (version 2.0, client Cisco-1.25)
2021-07-14 06:12:54,600 INFO paramiko.transport Connected (version 2.0, client OpenSSH_7.3)
2021-07-14 06:12:54,622 INFO paramiko.transport Connected (version 2.0, client OpenSSH_7.3)
2021-07-14 06:12:54,797 INFO paramiko.transport Connected (version 2.0, client OpenSSH_7.5)
2021-07-14 06:12:54,847 INFO paramiko.transport Connected (version 2.0, client OpenSSH_7.5)
2021-07-14 06:12:55,001 INFO paramiko.transport Authentication (password) successful!
2021-07-14 06:12:55,059 INFO paramiko.transport Authentication (password) successful!
2021-07-14 06:12:55,125 INFO paramiko.transport Auth banner: b'User Access Verification\n'
2021-07-14 06:12:55,126 INFO paramiko.transport Authentication (password) successful!
2021-07-14 06:12:55,153 INFO paramiko.transport Auth banner: b'User Access Verification\n'
2021-07-14 06:12:55,153 INFO paramiko.transport Authentication (password) successful!
2021-07-14 06:12:55,213 INFO paramiko.transport Authentication (password) successful!
2021-07-14 06:12:55,220 INFO paramiko.transport Authentication (password) successful!
2021-07-14 06:16:41,178 INFO paramiko.transport Connected (version 2.0, client Cisco-1.25)
2021-07-14 06:16:41,214 INFO paramiko.transport Connected (version 2.0, client Cisco-1.25)
2021-07-14 06:16:41,290 INFO paramiko.transport Connected (version 2.0, client OpenSSH_7.3)
2021-07-14 06:16:41,317 INFO paramiko.transport Connected (version 2.0, client OpenSSH_7.3)
2021-07-14 06:16:41,490 INFO paramiko.transport Connected (version 2.0, client OpenSSH_7.5)
2021-07-14 06:16:41,519 INFO paramiko.transport Connected (version 2.0, client OpenSSH_7.5)
2021-07-14 06:16:41,661 INFO paramiko.transport Authentication (password) successful!
2021-07-14 06:16:41,690 INFO paramiko.transport Authentication (password) successful!
2021-07-14 06:16:41,726 INFO paramiko.transport Auth banner: b'User Access Verification\n'
2021-07-14 06:16:41,727 INFO paramiko.transport Authentication (password) successful!
2021-07-14 06:16:41,884 INFO paramiko.transport Auth banner: b'User Access Verification\n'
2021-07-14 06:16:41,884 INFO paramiko.transport Authentication (password) successful!
2021-07-14 06:16:41,898 INFO paramiko.transport Authentication (password) successful!
2021-07-14 06:16:42,055 INFO paramiko.transport Authentication (password) successful!
2021-07-14 06:17:56,580 INFO paramiko.transport Connected (version 2.0, client Cisco-1.25)
2021-07-14 06:17:56,581 INFO paramiko.transport Connected (version 2.0, client Cisco-1.25)
2021-07-14 06:17:56,687 INFO paramiko.transport Connected (version 2.0, client OpenSSH_7.3)
2021-07-14 06:17:56,716 INFO paramiko.transport Connected (version 2.0, client OpenSSH_7.3)
2021-07-14 06:17:56,928 INFO paramiko.transport Connected (version 2.0, client OpenSSH_7.5)
2021-07-14 06:17:56,938 INFO paramiko.transport Connected (version 2.0, client OpenSSH_7.5)
2021-07-14 06:17:57,060 INFO paramiko.transport Authentication (password) successful!
2021-07-14 06:17:57,166 INFO paramiko.transport Authentication (password) successful!
2021-07-14 06:17:57,196 INFO paramiko.transport Auth banner: b'User Access Verification\n'
2021-07-14 06:17:57,196 INFO paramiko.transport Authentication (password) successful!
2021-07-14 06:17:57,218 INFO paramiko.transport Auth banner: b'User Access Verification\n'
2021-07-14 06:17:57,219 INFO paramiko.transport Authentication (password) successful!
2021-07-14 06:17:57,317 INFO paramiko.transport Authentication (password) successful!
2021-07-14 06:17:57,319 INFO paramiko.transport Authentication (password) successful!
2021-07-14 06:21:54,864 INFO paramiko.transport Connected (version 2.0, client Cisco-1.25)
2021-07-14 06:21:54,871 INFO paramiko.transport Connected (version 2.0, client Cisco-1.25)
2021-07-14 06:21:54,984 INFO paramiko.transport Connected (version 2.0, client OpenSSH_7.3)
2021-07-14 06:21:55,010 INFO paramiko.transport Connected (version 2.0, client OpenSSH_7.3)
2021-07-14 06:21:55,130 INFO paramiko.transport Connected (version 2.0, client OpenSSH_7.5)
2021-07-14 06:21:55,204 INFO paramiko.transport Connected (version 2.0, client OpenSSH_7.5)
2021-07-14 06:21:55,370 INFO paramiko.transport Authentication (password) successful!
2021-07-14 06:21:55,383 INFO paramiko.transport Auth banner: b'User Access Verification\n'
2021-07-14 06:21:55,384 INFO paramiko.transport Authentication (password) successful!
2021-07-14 06:21:55,444 INFO paramiko.transport Authentication (password) successful!
2021-07-14 06:21:55,509 INFO paramiko.transport Auth banner: b'User Access Verification\n'
2021-07-14 06:21:55,510 INFO paramiko.transport Authentication (password) successful!
2021-07-14 06:21:55,597 INFO paramiko.transport Authentication (password) successful!
2021-07-14 06:21:55,599 INFO paramiko.transport Authentication (password) successful!
2021-07-14 06:24:48,109 INFO paramiko.transport Connected (version 2.0, client Cisco-1.25)
2021-07-14 06:24:48,145 INFO paramiko.transport Connected (version 2.0, client Cisco-1.25)
2021-07-14 06:24:48,223 INFO paramiko.transport Connected (version 2.0, client OpenSSH_7.3)
2021-07-14 06:24:48,244 INFO paramiko.transport Connected (version 2.0, client OpenSSH_7.3)
2021-07-14 06:24:48,480 INFO paramiko.transport Connected (version 2.0, client OpenSSH_7.5)
2021-07-14 06:24:48,489 INFO paramiko.transport Connected (version 2.0, client OpenSSH_7.5)
2021-07-14 06:24:48,592 INFO paramiko.transport Authentication (password) successful!
2021-07-14 06:24:48,598 INFO paramiko.transport Authentication (password) successful!
2021-07-14 06:24:48,661 INFO paramiko.transport Authentication (password) successful!
2021-07-14 06:24:48,741 INFO paramiko.transport Auth banner: b'User Access Verification\n'
2021-07-14 06:24:48,741 INFO paramiko.transport Authentication (password) successful!
2021-07-14 06:24:48,790 INFO paramiko.transport Auth banner: b'User Access Verification\n'
2021-07-14 06:24:48,790 INFO paramiko.transport Authentication (password) successful!
2021-07-14 06:24:48,847 INFO paramiko.transport Authentication (password) successful!
